<?xml version="1.0" encoding="UTF-8"?>
<!-- Generated by org.testng.reporters.JUnitReportReporter -->
<testsuite hostname="DESKTOP-HCMJITA" failures="0" tests="1" name="com.qa.opencart.test.logintest" time="0.189" errors="0" timestamp="2021-11-23T08:39:16 IST" skipped="0">
  <testcase classname="com.qa.opencart.test.logintest" name="loginPageTitleTest" time="0.189"/>
  <system-out/>
</testsuite> <!-- com.qa.opencart.test.logintest -->
